<?xml version="1.0" encoding="UTF-8"?>
<testsuite name="com.example.firstproject.FirstProjectApplicationTests" tests="1" skipped="0" failures="0" errors="0" timestamp="2023-11-29T08:10:10" hostname="vellore-test-4" time="0.081">
  <properties/>
  <testcase name="contextLoads()" classname="com.example.firstproject.FirstProjectApplicationTests" time="0.081"/>
  <system-out><![CDATA[13:40:08.115 [Test worker] DEBUG org.springframework.test.context.BootstrapUtils - Instantiating CacheAwareContextLoaderDelegate from class [org.springframework.test.context.cache.DefaultCacheAwareContextLoaderDelegate]
13:40:08.120 [Test worker] DEBUG org.springframework.test.context.BootstrapUtils - Instantiating BootstrapContext using constructor [public org.springframework.test.context.support.DefaultBootstrapContext(java.lang.Class,org.springframework.test.context.CacheAwareContextLoaderDelegate)]
13:40:08.136 [Test worker] DEBUG org.springframework.test.context.BootstrapUtils - Instantiating TestContextBootstrapper for test class [com.example.firstproject.FirstProjectApplicationTests] from class [org.springframework.boot.test.context.SpringBootTestContextBootstrapper]
13:40:08.141 [Test worker] INFO org.springframework.boot.test.context.SpringBootTestContextBootstrapper - Neither @ContextConfiguration nor @ContextHierarchy found for test class [com.example.firstproject.FirstProjectApplicationTests], using SpringBootContextLoader
13:40:08.143 [Test worker] DEBUG org.springframework.test.context.support.AbstractContextLoader - Did not detect default resource location for test class [com.example.firstproject.FirstProjectApplicationTests]: class path resource [com/example/firstproject/FirstProjectApplicationTests-context.xml] does not exist
13:40:08.144 [Test worker] DEBUG org.springframework.test.context.support.AbstractContextLoader - Did not detect default resource location for test class [com.example.firstproject.FirstProjectApplicationTests]: class path resource [com/example/firstproject/FirstProjectApplicationTestsContext.groovy] does not exist
13:40:08.144 [Test worker] INFO org.springframework.test.context.support.AbstractContextLoader - Could not detect default resource locations for test class [com.example.firstproject.FirstProjectApplicationTests]: no resource found for suffixes {-context.xml, Context.groovy}.
13:40:08.144 [Test worker] INFO org.springframework.test.context.support.AnnotationConfigContextLoaderUtils - Could not detect default configuration classes for test class [com.example.firstproject.FirstProjectApplicationTests]: FirstProjectApplicationTests does not declare any static, non-private, non-final, nested classes annotated with @Configuration.
13:40:08.172 [Test worker] DEBUG org.springframework.test.context.support.ActiveProfilesUtils - Could not find an 'annotation declaring class' for annotation type [org.springframework.test.context.ActiveProfiles] and class [com.example.firstproject.FirstProjectApplicationTests]
13:40:08.209 [Test worker] DEBUG org.springframework.context.annotation.ClassPathScanningCandidateComponentProvider - Identified candidate component class: file [/home/test/Home/web/workspace/first-project/build/classes/java/main/com/example/firstproject/FirstProjectApplication.class]
13:40:08.209 [Test worker] INFO org.springframework.boot.test.context.SpringBootTestContextBootstrapper - Found @SpringBootConfiguration com.example.firstproject.FirstProjectApplication for test class com.example.firstproject.FirstProjectApplicationTests
13:40:08.245 [Test worker] DEBUG org.springframework.boot.test.context.SpringBootTestContextBootstrapper - @TestExecutionListeners is not present for class [com.example.firstproject.FirstProjectApplicationTests]: using defaults.
13:40:08.245 [Test worker] INFO org.springframework.boot.test.context.SpringBootTestContextBootstrapper - Loaded default TestExecutionListener class names from location [META-INF/spring.factories]: [org.springframework.security.test.context.support.WithSecurityContextTestExecutionListener, org.springframework.security.test.context.support.ReactorContextTestExecutionListener, org.springframework.boot.test.autoconfigure.restdocs.RestDocsTestExecutionListener, org.springframework.boot.test.autoconfigure.web.client.MockRestServiceServerResetTestExecutionListener, org.springframework.boot.test.autoconfigure.web.servlet.MockMvcPrintOnlyOnFailureTestExecutionListener, org.springframework.boot.test.autoconfigure.web.servlet.WebDriverTestExecutionListener, org.springframework.boot.test.autoconfigure.webservices.client.MockWebServiceServerTestExecutionListener, org.springframework.boot.test.mock.mockito.MockitoTestExecutionListener, org.springframework.boot.test.mock.mockito.ResetMocksTestExecutionListener, org.springframework.test.context.web.ServletTestExecutionListener, org.springframework.test.context.support.DirtiesContextBeforeModesTestExecutionListener, org.springframework.test.context.event.ApplicationEventsTestExecutionListener, org.springframework.test.context.support.DependencyInjectionTestExecutionListener, org.springframework.test.context.support.DirtiesContextTestExecutionListener, org.springframework.test.context.transaction.TransactionalTestExecutionListener, org.springframework.test.context.jdbc.SqlScriptsTestExecutionListener, org.springframework.test.context.event.EventPublishingTestExecutionListener]
13:40:08.257 [Test worker] INFO org.springframework.boot.test.context.SpringBootTestContextBootstrapper - Using TestExecutionListeners: [org.springframework.test.context.web.ServletTestExecutionListener@3f446bef, org.springframework.test.context.support.DirtiesContextBeforeModesTestExecutionListener@7829b776, org.springframework.test.context.event.ApplicationEventsTestExecutionListener@5778826f, org.springframework.boot.test.mock.mockito.MockitoTestExecutionListener@5b64c4b7, org.springframework.boot.test.autoconfigure.SpringBootDependencyInjectionTestExecutionListener@4763c727, org.springframework.test.context.support.DirtiesContextTestExecutionListener@72445aba, org.springframework.test.context.transaction.TransactionalTestExecutionListener@61bcd567, org.springframework.test.context.jdbc.SqlScriptsTestExecutionListener@1c80e49b, org.springframework.security.test.context.support.WithSecurityContextTestExecutionListener@458342d3, org.springframework.test.context.event.EventPublishingTestExecutionListener@15c25153, org.springframework.security.test.context.support.ReactorContextTestExecutionListener@1252b961, org.springframework.boot.test.autoconfigure.restdocs.RestDocsTestExecutionListener@9ed238c, org.springframework.boot.test.autoconfigure.web.client.MockRestServiceServerResetTestExecutionListener@56276db8, org.springframework.boot.test.autoconfigure.web.servlet.MockMvcPrintOnlyOnFailureTestExecutionListener@51e8e6e6, org.springframework.boot.test.autoconfigure.web.servlet.WebDriverTestExecutionListener@56f6d40b, org.springframework.boot.test.autoconfigure.webservices.client.MockWebServiceServerTestExecutionListener@36676c1a, org.springframework.boot.test.mock.mockito.ResetMocksTestExecutionListener@5b408dc3]
13:40:08.258 [Test worker] DEBUG org.springframework.test.context.support.AbstractDirtiesContextTestExecutionListener - Before test class: context [DefaultTestContext@665e9289 testClass = FirstProjectApplicationTests, testInstance = [null], testMethod = [null], testException = [null], mergedContextConfiguration = [WebMergedContextConfiguration@7d3430a7 testClass = FirstProjectApplicationTests, locations = '{}', classes = '{class com.example.firstproject.FirstProjectApplication}', contextInitializerClasses = '[]', activeProfiles = '{}', propertySourceLocations = '{}', propertySourceProperties = '{org.springframework.boot.test.context.SpringBootTestContextBootstrapper=true}', contextCustomizers = set[org.springframework.boot.test.autoconfigure.actuate.metrics.MetricsExportContextCustomizerFactory$DisableMetricExportContextCustomizer@1458ed9c, org.springframework.boot.test.autoconfigure.properties.PropertyMappingContextCustomizer@0, org.springframework.boot.test.autoconfigure.web.servlet.WebDriverContextCustomizerFactory$Customizer@4f0100a7, org.springframework.boot.test.context.filter.ExcludeFilterContextCustomizer@1e097d59, org.springframework.boot.test.json.DuplicateJsonObjectContextCustomizerFactory$DuplicateJsonObjectContextCustomizer@54e7df6a, org.springframework.boot.test.mock.mockito.MockitoContextCustomizer@0, org.springframework.boot.test.web.client.TestRestTemplateContextCustomizer@41e68d87, org.springframework.boot.test.context.SpringBootTestArgs@1, org.springframework.boot.test.context.SpringBootTestWebEnvironment@4f67eb2a], resourceBasePath = 'src/main/webapp', contextLoader = 'org.springframework.boot.test.context.SpringBootContextLoader', parent = [null]], attributes = map['org.springframework.test.context.web.ServletTestExecutionListener.activateListener' -> true]], class annotated with @DirtiesContext [false] with mode [null].

  .   ____          _            __ _ _
 /\\ / ___'_ __ _ _(_)_ __  __ _ \ \ \ \
( ( )\___ | '_ | '_| | '_ \/ _` | \ \ \ \
 \\/  ___)| |_)| | | | | || (_| |  ) ) ) )
  '  |____| .__|_| |_|_| |_\__, | / / / /
 =========|_|==============|___/=/_/_/_/
 :: Spring Boot ::               (v2.7.17)

2023-11-29 13:40:08.417  INFO 31650 --- [    Test worker] c.e.f.FirstProjectApplicationTests       : Starting FirstProjectApplicationTests using Java 11.0.20.1 on vellore-test-4 with PID 31650 (started by test in /home/test/Home/web/workspace/first-project)
2023-11-29 13:40:08.419  INFO 31650 --- [    Test worker] c.e.f.FirstProjectApplicationTests       : No active profile set, falling back to 1 default profile: "default"
2023-11-29 13:40:08.777  INFO 31650 --- [    Test worker] .s.d.r.c.RepositoryConfigurationDelegate : Bootstrapping Spring Data JPA repositories in DEFAULT mode.
2023-11-29 13:40:08.805  INFO 31650 --- [    Test worker] .s.d.r.c.RepositoryConfigurationDelegate : Finished Spring Data repository scanning in 24 ms. Found 4 JPA repository interfaces.
2023-11-29 13:40:09.090  INFO 31650 --- [    Test worker] o.hibernate.jpa.internal.util.LogHelper  : HHH000204: Processing PersistenceUnitInfo [name: default]
2023-11-29 13:40:09.126  INFO 31650 --- [    Test worker] org.hibernate.Version                    : HHH000412: Hibernate ORM core version 5.6.15.Final
2023-11-29 13:40:09.204  INFO 31650 --- [    Test worker] o.hibernate.annotations.common.Version   : HCANN000001: Hibernate Commons Annotations {5.1.2.Final}
2023-11-29 13:40:09.251  INFO 31650 --- [    Test worker] com.zaxxer.hikari.HikariDataSource       : HikariPool-1 - Starting...
2023-11-29 13:40:09.399  INFO 31650 --- [    Test worker] com.zaxxer.hikari.HikariDataSource       : HikariPool-1 - Start completed.
2023-11-29 13:40:09.407  INFO 31650 --- [    Test worker] org.hibernate.dialect.Dialect            : HHH000400: Using dialect: org.hibernate.dialect.PostgreSQLDialect
2023-11-29 13:40:09.785  INFO 31650 --- [    Test worker] o.h.e.t.j.p.i.JtaPlatformInitiator       : HHH000490: Using JtaPlatform implementation: [org.hibernate.engine.transaction.jta.platform.internal.NoJtaPlatform]
2023-11-29 13:40:09.792  INFO 31650 --- [    Test worker] j.LocalContainerEntityManagerFactoryBean : Initialized JPA EntityManagerFactory for persistence unit 'default'
2023-11-29 13:40:09.855  WARN 31650 --- [    Test worker] JpaBaseConfiguration$JpaWebConfiguration : spring.jpa.open-in-view is enabled by default. Therefore, database queries may be performed during view rendering. Explicitly configure spring.jpa.open-in-view to disable this warning
2023-11-29 13:40:10.577  INFO 31650 --- [    Test worker] o.s.s.web.DefaultSecurityFilterChain     : Will secure any request with [org.springframework.security.web.session.DisableEncodeUrlFilter@198524ec, org.springframework.security.web.context.request.async.WebAsyncManagerIntegrationFilter@5edaa572, org.springframework.security.web.context.SecurityContextPersistenceFilter@7df23848, org.springframework.security.web.header.HeaderWriterFilter@22ea6051, org.springframework.web.filter.CorsFilter@1892865f, org.springframework.security.web.authentication.logout.LogoutFilter@3fb0d9de, com.example.firstproject.security.TokenAuthenticationFilter@5ef7ae2f, org.springframework.security.web.savedrequest.RequestCacheAwareFilter@14ee143a, org.springframework.security.web.servletapi.SecurityContextHolderAwareRequestFilter@27b7e663, org.springframework.security.web.authentication.AnonymousAuthenticationFilter@460df441, org.springframework.security.web.session.SessionManagementFilter@87f1201, org.springframework.security.web.access.ExceptionTranslationFilter@53f1fcc2, org.springframework.security.web.access.intercept.FilterSecurityInterceptor@727e61ed]
2023-11-29 13:40:10.974  INFO 31650 --- [    Test worker] c.e.f.FirstProjectApplicationTests       : Started FirstProjectApplicationTests in 2.7 seconds (JVM running for 3.197)
]]></system-out>
  <system-err><![CDATA[]]></system-err>
</testsuite>
